Using pre-set license

 COMMAND LINE ARGUMENTS:
/Applications/Unity/Unity.app/Contents/MacOS/Unity
-adb2
-batchMode
-noUpm
-name
AssetImportWorker2
-projectPath
/Users/carlsonry/Documents/GitHub/Rubiks-Cube-Teacher/Rubik's Cube Model
-logFile
Logs/AssetImportWorker2.log
-srvPort
62170
Successfully changed project path to: /Users/carlsonry/Documents/GitHub/Rubiks-Cube-Teacher/Rubik's Cube Model
/Users/carlsonry/Documents/GitHub/Rubiks-Cube-Teacher/Rubik's Cube Model
Using Asset Import Pipeline V2.
Refreshing native plugins compatible for Editor in 948.59 ms, found 2 plugins.
Preloading 0 native plugins for Editor in 0.00 ms.
Initialize engine version: 2020.3.16f1 (049d6eca3c44)
[Subsystems] Discovering subsystems at path /Applications/Unity/Unity.app/Contents/Resources/UnitySubsystems
[Subsystems] Discovering subsystems at path /Users/carlsonry/Documents/GitHub/Rubiks-Cube-Teacher/Rubik's Cube Model/Assets
GfxDevice: creating device client; threaded=0
2022-06-06 11:26:55.829 Unity[15352:439120] iMac preferred device: Intel HD Graphics 4000 (low power)
2022-06-06 11:26:55.829 Unity[15352:439120] Metal devices available: 1
2022-06-06 11:26:55.829 Unity[15352:439120] 0: Intel HD Graphics 4000 (low power)
2022-06-06 11:26:56.131 Unity[15352:439120] Using device Intel HD Graphics 4000 (low power)
Initializing Metal device caps: Intel HD Graphics 4000
Initialize mono
Mono path[0] = '/Applications/Unity/Unity.app/Contents/Managed'
Mono path[1] = '/Applications/Unity/Unity.app/Contents/MonoBleedingEdge/lib/mono/unityjit'
Mono config path = '/Applications/Unity/Unity.app/Contents/MonoBleedingEdge/etc'
Using monoOptions --debugger-agent=transport=dt_socket,embedding=1,server=y,suspend=n,address=127.0.0.1:56352
Begin MonoManager ReloadAssembly
